mode: set
github.com/padiazg/go-crap/internal/testdata/complex.go:3.29,4.11 1 0
github.com/padiazg/go-crap/internal/testdata/complex.go:4.11,5.13 1 0
github.com/padiazg/go-crap/internal/testdata/complex.go:5.13,6.14 1 0
github.com/padiazg/go-crap/internal/testdata/complex.go:6.14,7.15 1 0
github.com/padiazg/go-crap/internal/testdata/complex.go:7.15,8.16 1 0
github.com/padiazg/go-crap/internal/testdata/complex.go:8.16,9.17 1 0
github.com/padiazg/go-crap/internal/testdata/complex.go:9.17,10.18 1 0
github.com/padiazg/go-crap/internal/testdata/complex.go:10.18,11.19 1 0
github.com/padiazg/go-crap/internal/testdata/complex.go:11.19,13.10 1 0
github.com/padiazg/go-crap/internal/testdata/complex.go:14.9,14.17 1 0
github.com/padiazg/go-crap/internal/testdata/complex.go:16.8,16.16 1 0
github.com/padiazg/go-crap/internal/testdata/complex.go:18.7,18.15 1 0
github.com/padiazg/go-crap/internal/testdata/complex.go:20.6,20.14 1 0
github.com/padiazg/go-crap/internal/testdata/complex.go:22.5,22.13 1 0
github.com/padiazg/go-crap/internal/testdata/complex.go:24.4,24.12 1 0
github.com/padiazg/go-crap/internal/testdata/complex.go:26.3,26.11 1 0
github.com/padiazg/go-crap/internal/testdata/complex.go:28.2,28.10 1 0
github.com/padiazg/go-crap/internal/testdata/complex.go:31.28,32.11 1 0
github.com/padiazg/go-crap/internal/testdata/complex.go:33.9,34.11 1 0
github.com/padiazg/go-crap/internal/testdata/complex.go:35.9,36.11 1 0
github.com/padiazg/go-crap/internal/testdata/complex.go:37.9,38.11 1 0
github.com/padiazg/go-crap/internal/testdata/complex.go:39.10,40.11 1 0
github.com/padiazg/go-crap/internal/testdata/simple.go:3.19,5.2 1 1
github.com/padiazg/go-crap/internal/testdata/simple.go:7.24,8.11 1 0
github.com/padiazg/go-crap/internal/testdata/simple.go:8.11,10.3 1 0
github.com/padiazg/go-crap/internal/testdata/simple.go:11.2,11.10 1 0
github.com/padiazg/go-crap/internal/testdata/simple.go:14.25,15.11 1 0
github.com/padiazg/go-crap/internal/testdata/simple.go:15.11,16.13 1 0
github.com/padiazg/go-crap/internal/testdata/simple.go:16.13,17.15 1 0
github.com/padiazg/go-crap/internal/testdata/simple.go:17.15,19.5 1 0
github.com/padiazg/go-crap/internal/testdata/simple.go:20.4,20.12 1 0
github.com/padiazg/go-crap/internal/testdata/simple.go:22.3,22.11 1 0
github.com/padiazg/go-crap/internal/testdata/simple.go:24.2,24.10 1 0
